0 info it worked if it ends with ok
1 verbose cli [ '/usr/local/bin/node', '/usr/local/bin/npm', 'start' ]
2 info using npm@3.10.9
3 info using node@v7.0.0
4 verbose run-script [ 'prestart', 'start', 'poststart' ]
5 info lifecycle study@1.0.0~prestart: study@1.0.0
6 silly lifecycle study@1.0.0~prestart: no script for prestart, continuing
7 info lifecycle study@1.0.0~start: study@1.0.0
8 verbose lifecycle study@1.0.0~start: unsafe-perm in lifecycle true
9 verbose lifecycle study@1.0.0~start: PATH: /usr/local/lib/node_modules/npm/bin/node-gyp-bin:/home/allen/myStudy/aa记录aa/2016年12月08日/studyWebpack/node_modules/.bin:/usr/javajdk/jdk1.8.0_92/bin:/opt/lampp/bin/:/home/allen/.composer/vendor/bin:/home/allen/.composer/vendor/bin:/usr/javajdk/jdk1.8.0_92/bin:/usr/local/sbin:/usr/local/bin:/usr/sbin:/usr/bin:/sbin:/bin:/usr/games:/usr/local/games:/opt/node/bin:/home/allen/adt-bundle-linux/sdk/platform-tools:/home/allen/adt-bundle-linux/sdk/tools:/home/allen/adt-bundle-linux/sdk/tools:/home/allen/adt-bundle-linux/sdk/build-tools:/opt/node/bin
10 verbose lifecycle study@1.0.0~start: CWD: /home/allen/myStudy/aa记录aa/2016年12月08日/studyWebpack
11 silly lifecycle study@1.0.0~start: Args: [ '-c', 'webpack-dev-server --hot --inline' ]
12 silly lifecycle study@1.0.0~start: Returned: code: 1  signal: null
13 info lifecycle study@1.0.0~start: Failed to exec start script
14 verbose stack Error: study@1.0.0 start: `webpack-dev-server --hot --inline`
14 verbose stack Exit status 1
14 verbose stack     at EventEmitter.<anonymous> (/usr/local/lib/node_modules/npm/lib/utils/lifecycle.js:255:16)
14 verbose stack     at emitTwo (events.js:106:13)
14 verbose stack     at EventEmitter.emit (events.js:191:7)
14 verbose stack     at ChildProcess.<anonymous> (/usr/local/lib/node_modules/npm/lib/utils/spawn.js:40:14)
14 verbose stack     at emitTwo (events.js:106:13)
14 verbose stack     at ChildProcess.emit (events.js:191:7)
14 verbose stack     at maybeClose (internal/child_process.js:877:16)
14 verbose stack     at Process.ChildProcess._handle.onexit (internal/child_process.js:226:5)
15 verbose pkgid study@1.0.0
16 verbose cwd /home/allen/myStudy/aa记录aa/2016年12月08日/studyWebpack
17 error Linux 3.19.0-51-generic
18 error argv "/usr/local/bin/node" "/usr/local/bin/npm" "start"
19 error node v7.0.0
20 error npm  v3.10.9
21 error code ELIFECYCLE
22 error study@1.0.0 start: `webpack-dev-server --hot --inline`
22 error Exit status 1
23 error Failed at the study@1.0.0 start script 'webpack-dev-server --hot --inline'.
23 error Make sure you have the latest version of node.js and npm installed.
23 error If you do, this is most likely a problem with the study package,
23 error not with npm itself.
23 error Tell the author that this fails on your system:
23 error     webpack-dev-server --hot --inline
23 error You can get information on how to open an issue for this project with:
23 error     npm bugs study
23 error Or if that isn't available, you can get their info via:
23 error     npm owner ls study
23 error There is likely additional logging output above.
24 verbose exit [ 1, true ]
